    Updating crates.io index
warning: unused variable: `why`
  --> src/main.rs:44:17
   |
44 |             Err(why) => {}
   |                 ^^^ help: if this is intentional, prefix it with an underscore: `_why`
   |
   = note: `#[warn(unused_variables)]` on by default

warning: field `index` is never read
 --> src/main.rs:8:5
  |
7 | struct Data {
  |        ---- field in this struct
8 |     index: i32,
  |     ^^^^^
  |
  = note: `Data` has derived impls for the traits `Clone` and `Debug`, but these are intentionally ignored during dead code analysis
  = note: `#[warn(dead_code)]` on by default

warning: `city_by_altitude` (bin "city_by_altitude") generated 2 warnings
    Finished dev [unoptimized + debuginfo] target(s) in 4.38s
     Running `target/debug/city_by_altitude`
Error: Os { code: 98, kind: AddrInUse, message: "Address already in use" }
warning: unused variable: `why`
  --> src/main.rs:44:17
   |
44 |             Err(why) => {}
   |                 ^^^ help: if this is intentional, prefix it with an underscore: `_why`
   |
   = note: `#[warn(unused_variables)]` on by default

warning: field `index` is never read
 --> src/main.rs:8:5
  |
7 | struct Data {
  |        ---- field in this struct
8 |     index: i32,
  |     ^^^^^
  |
  = note: `Data` has derived impls for the traits `Clone` and `Debug`, but these are intentionally ignored during dead code analysis
  = note: `#[warn(dead_code)]` on by default

warning: `city_by_altitude` (bin "city_by_altitude") generated 2 warnings
    Finished dev [unoptimized + debuginfo] target(s) in 0.10s
     Running `target/debug/city_by_altitude`
Error: Os { code: 98, kind: AddrInUse, message: "Address already in use" }
warning: unused variable: `why`
  --> src/main.rs:44:17
   |
44 |             Err(why) => {}
   |                 ^^^ help: if this is intentional, prefix it with an underscore: `_why`
   |
   = note: `#[warn(unused_variables)]` on by default

warning: field `index` is never read
 --> src/main.rs:8:5
  |
7 | struct Data {
  |        ---- field in this struct
8 |     index: i32,
  |     ^^^^^
  |
  = note: `Data` has derived impls for the traits `Clone` and `Debug`, but these are intentionally ignored during dead code analysis
  = note: `#[warn(dead_code)]` on by default

warning: `city_by_altitude` (bin "city_by_altitude") generated 2 warnings
    Finished dev [unoptimized + debuginfo] target(s) in 0.10s
     Running `target/debug/city_by_altitude`
Error: Os { code: 98, kind: AddrInUse, message: "Address already in use" }
warning: unused variable: `why`
  --> src/main.rs:44:17
   |
44 |             Err(why) => {}
   |                 ^^^ help: if this is intentional, prefix it with an underscore: `_why`
   |
   = note: `#[warn(unused_variables)]` on by default

warning: field `index` is never read
 --> src/main.rs:8:5
  |
7 | struct Data {
  |        ---- field in this struct
8 |     index: i32,
  |     ^^^^^
  |
  = note: `Data` has derived impls for the traits `Clone` and `Debug`, but these are intentionally ignored during dead code analysis
  = note: `#[warn(dead_code)]` on by default

warning: `city_by_altitude` (bin "city_by_altitude") generated 2 warnings
    Finished dev [unoptimized + debuginfo] target(s) in 2.64s
     Running `target/debug/city_by_altitude`
